[21:23:13] [ServerMain/INFO]: Environment: Environment[sessionHost=https://sessionserver.mojang.com, servicesHost=https://api.minecraftservices.com, profilesHost=https://api.mojang.com, name=PROD]
[21:23:15] [ServerMain/INFO]: Loaded 1470 recipes
[21:23:15] [ServerMain/INFO]: Loaded 1584 advancements
[21:23:15] [Server thread/INFO]: Starting minecraft server version 1.21.11
[21:23:15] [Server thread/INFO]: Loading properties
[21:23:15] [Server thread/INFO]: Default game type: SURVIVAL
[21:23:15] [Server thread/INFO]: Generating keypair
[21:23:15] [Server thread/INFO]: Starting Minecraft server on *:25565
[21:23:15] [Server thread/WARN]: **** SERVER IS RUNNING IN OFFLINE/INSECURE MODE!
[21:23:15] [Server thread/WARN]: The server will make no attempt to authenticate usernames. Beware.
[21:23:15] [Server thread/WARN]: While this makes the game possible to play without internet access, it also opens up the ability for hackers to connect with any username they choose.
[21:23:15] [Server thread/WARN]: To change this, set "online-mode" to "true" in the server.properties file.
[21:23:15] [Server thread/INFO]: Preparing level "world"
[21:23:16] [Server thread/INFO]: Loading 0 persistent chunks...
[21:23:16] [Server thread/INFO]: Time elapsed: 13 ms
[21:23:16] [Server thread/INFO]: Done (0.670s)! For help, type "help"
[21:24:16] [Server thread/INFO]: Server empty for 60 seconds, pausing
[21:24:19] [Server thread/INFO]: LenzGOTY[/127.54.253.16:51197] logged in with entity id 4 at (543.5276362865533, 65.0, -5.488075739672221)
[21:24:19] [Server thread/INFO]: LenzGOTY joined the game
[21:30:21] [Server thread/INFO]: LenzGOTY has made the advancement [Total Beelocation]
[21:58:56] [Server thread/INFO]: Made LenzGOTY a server operator
[21:59:07] [Server thread/INFO]: [LenzGOTY: Set own game mode to Spectator Mode]
[22:00:11] [Server thread/INFO]: [LenzGOTY: Set own game mode to Survival Mode]
[22:07:52] [Server thread/INFO]: Made LenzGOTY no longer a server operator
[22:07:58] [Server thread/INFO]: LenzGOTY lost connection: Disconnected
[22:07:58] [Server thread/INFO]: LenzGOTY left the game
[22:08:58] [Server thread/INFO]: Server empty for 60 seconds, pausing
[22:09:23] [Server thread/INFO]: Stopping the server
[22:09:23] [Server thread/INFO]: Stopping server
[22:09:23] [Server thread/INFO]: Saving players
[22:09:23] [Server thread/INFO]: Saving worlds
[22:09:23] [Server thread/INFO]: Saving chunks for level 'ServerLevel[world]'/minecraft:overworld
[22:09:23] [Server thread/INFO]: Saving chunks for level 'ServerLevel[world]'/minecraft:the_end
[22:09:23] [Server thread/INFO]: Saving chunks for level 'ServerLevel[world]'/minecraft:the_nether
[22:09:23] [Server thread/INFO]: ThreadedAnvilChunkStorage (world): All chunks are saved
[22:09:23] [Server thread/INFO]: ThreadedAnvilChunkStorage (DIM1): All chunks are saved
[22:09:23] [Server thread/INFO]: ThreadedAnvilChunkStorage (DIM-1): All chunks are saved
[22:09:23] [Server thread/INFO]: ThreadedAnvilChunkStorage: All dimensions are saved
